c:\users\admin\desktop\test\upgrade tool\upgrade tool\release\upgrade tool.pch
c:\users\admin\desktop\test\upgrade tool\upgrade tool\release\vc120.pdb
c:\users\admin\desktop\test\upgrade tool\upgrade tool\release\stdafx.obj
c:\users\admin\desktop\test\upgrade tool\upgrade tool\release\usb11drv.obj
c:\users\admin\desktop\test\upgrade tool\upgrade tool\release\upgrademanager.obj
c:\users\admin\desktop\test\upgrade tool\upgrade tool\release\upgradeapi.obj
c:\users\admin\desktop\test\upgrade tool\upgrade tool\release\upgrade tooldlg.obj
c:\users\admin\desktop\test\upgrade tool\upgrade tool\release\upgrade tool.obj
c:\users\admin\desktop\test\upgrade tool\upgrade tool\release\psx_timerclock.obj
c:\users\admin\desktop\test\upgrade tool\upgrade tool\release\psx_semaphore.obj
c:\users\admin\desktop\test\upgrade tool\upgrade tool\release\psx_mutexattr.obj
c:\users\admin\desktop\test\upgrade tool\upgrade tool\release\psx_mutex.obj
c:\users\admin\desktop\test\upgrade tool\upgrade tool\release\msgqueueex.obj
c:\users\admin\desktop\test\upgrade tool\upgrade tool\release\lowupgradeapi.obj
c:\users\admin\desktop\test\upgrade tool\upgrade tool\release\localupgradeapi.obj
c:\users\admin\desktop\test\upgrade tool\upgrade tool\release\iupgradeapi.obj
c:\users\admin\desktop\test\upgrade tool\release\upgrade tool.exe
c:\users\admin\desktop\test\upgrade tool\release\upgrade tool.pdb
c:\users\admin\desktop\test\upgrade tool\upgrade tool\release\upgrade tool.res
c:\users\admin\desktop\test\upgrade tool\upgrade tool\release\upgrade tool.tlog\cl.command.1.tlog
c:\users\admin\desktop\test\upgrade tool\upgrade tool\release\upgrade tool.tlog\cl.read.1.tlog
c:\users\admin\desktop\test\upgrade tool\upgrade tool\release\upgrade tool.tlog\cl.write.1.tlog
c:\users\admin\desktop\test\upgrade tool\upgrade tool\release\upgrade tool.tlog\link.command.1.tlog
c:\users\admin\desktop\test\upgrade tool\upgrade tool\release\upgrade tool.tlog\link.read.1.tlog
c:\users\admin\desktop\test\upgrade tool\upgrade tool\release\upgrade tool.tlog\link.write.1.tlog
c:\users\admin\desktop\test\upgrade tool\upgrade tool\release\upgrade tool.tlog\rc.command.1.tlog
c:\users\admin\desktop\test\upgrade tool\upgrade tool\release\upgrade tool.tlog\rc.read.1.tlog
c:\users\admin\desktop\test\upgrade tool\upgrade tool\release\upgrade tool.tlog\rc.write.1.tlog
