c:\users\admin\desktop\test\upgrade tool\upgrade tool\debug\upgrade tool.pch
c:\users\admin\desktop\test\upgrade tool\upgrade tool\debug\vc120.pdb
c:\users\admin\desktop\test\upgrade tool\upgrade tool\debug\vc120.idb
c:\users\admin\desktop\test\upgrade tool\upgrade tool\debug\stdafx.obj
c:\users\admin\desktop\test\upgrade tool\upgrade tool\debug\iupgradeapi.obj
c:\users\admin\desktop\test\upgrade tool\upgrade tool\debug\localupgradeapi.obj
c:\users\admin\desktop\test\upgrade tool\upgrade tool\debug\lowupgradeapi.obj
c:\users\admin\desktop\test\upgrade tool\upgrade tool\debug\msgqueueex.obj
c:\users\admin\desktop\test\upgrade tool\upgrade tool\debug\psx_mutex.obj
c:\users\admin\desktop\test\upgrade tool\upgrade tool\debug\psx_mutexattr.obj
c:\users\admin\desktop\test\upgrade tool\upgrade tool\debug\psx_semaphore.obj
c:\users\admin\desktop\test\upgrade tool\upgrade tool\debug\psx_timerclock.obj
c:\users\admin\desktop\test\upgrade tool\upgrade tool\debug\upgrade tool.obj
c:\users\admin\desktop\test\upgrade tool\upgrade tool\debug\upgrade tooldlg.obj
c:\users\admin\desktop\test\upgrade tool\upgrade tool\debug\upgradeapi.obj
c:\users\admin\desktop\test\upgrade tool\upgrade tool\debug\upgrademanager.obj
c:\users\admin\desktop\test\upgrade tool\upgrade tool\debug\usb11drv.obj
c:\atm\drvsp\exe\upgrade tool.exe
c:\atm\drvsp\exe\upgrade tool.pdb
c:\users\admin\desktop\test\upgrade tool\upgrade tool\debug\upgrade tool.res
c:\users\admin\desktop\test\upgrade tool\upgrade tool\debug\upgrade tool.tlog\cl.command.1.tlog
c:\users\admin\desktop\test\upgrade tool\upgrade tool\debug\upgrade tool.tlog\cl.read.1.tlog
c:\users\admin\desktop\test\upgrade tool\upgrade tool\debug\upgrade tool.tlog\cl.write.1.tlog
c:\users\admin\desktop\test\upgrade tool\upgrade tool\debug\upgrade tool.tlog\link.command.1.tlog
c:\users\admin\desktop\test\upgrade tool\upgrade tool\debug\upgrade tool.tlog\link.read.1.tlog
c:\users\admin\desktop\test\upgrade tool\upgrade tool\debug\upgrade tool.tlog\link.write.1.tlog
c:\users\admin\desktop\test\upgrade tool\upgrade tool\debug\upgrade tool.tlog\rc.command.1.tlog
c:\users\admin\desktop\test\upgrade tool\upgrade tool\debug\upgrade tool.tlog\rc.read.1.tlog
c:\users\admin\desktop\test\upgrade tool\upgrade tool\debug\upgrade tool.tlog\rc.write.1.tlog
